<?xml version="1.0" encoding="UTF-8"?>
<testsuite xmlns:xsi="http://www.w3.org/2001/XMLSchema-instance" xsi:noNamespaceSchemaLocation="https://maven.apache.org/surefire/maven-surefire-plugin/xsd/surefire-test-report.xsd" name="SavingsMethodTest" time="0.001" tests="8" errors="0" skipped="0" failures="0">
  <properties>
[...]
</properties>
  <testcase name="compoundSavingsVariableTestOne" classname="SavingsMethodTest" time="0"/>
  <testcase name="compoundSavingsVariableTestTwo" classname="SavingsMethodTest" time="0"/>
  <testcase name="futureValueLumpSumTestOne" classname="SavingsMethodTest" time="0"/>
  <testcase name="futureValueLumpSumTestTwo" classname="SavingsMethodTest" time="0"/>
  <testcase name="compoundSavingsConstantTestOne" classname="SavingsMethodTest" time="0"/>
  <testcase name="compoundSavingsConstantTestTwo" classname="SavingsMethodTest" time="0"/>
  <testcase name="futureValueLS_VariableInterestTestOne" classname="SavingsMethodTest" time="0"/>
  <testcase name="futureValueLS_VariableInterestTestTwo" classname="SavingsMethodTest" time="0"/>
</testsuite>