<?xml version="1.0" encoding="UTF-8"?>
<testsuite xmlns:xsi="http://www.w3.org/2001/XMLSchema-instance" xsi:noNamespaceSchemaLocation="https://maven.apache.org/surefire/maven-surefire-plugin/xsd/surefire-test-report.xsd" name="MyMoneyTest" time="0.129" tests="30" errors="0" skipped="0" failures="1">
  <properties>
[...]
</properties>
  <testcase name="compoundSavings_variableContributionTestOne" classname="MyMoneyTest" time="0.013"/>
  <testcase name="compoundSavings_variableContributionTestTwo" classname="MyMoneyTest" time="0"/>
  <testcase name="getCashValuesTestOne{double}[1]" classname="MyMoneyTest" time="0.025"/>
  <testcase name="getCashValuesTestOne{double}[2]" classname="MyMoneyTest" time="0.001"/>
  <testcase name="getCashValuesTestOne{double}[3]" classname="MyMoneyTest" time="0.001"/>
  <testcase name="getCashValuesTestOne{double}[4]" classname="MyMoneyTest" time="0.001"/>
  <testcase name="getCashValuesTestOne{double}[5]" classname="MyMoneyTest" time="0"/>
  <testcase name="getCashValuesTestOne{double}[6]" classname="MyMoneyTest" time="0.001"/>
  <testcase name="getCashValuesTestOne{double}[7]" classname="MyMoneyTest" time="0"/>
  <testcase name="getCashValuesTestOne{double}[8]" classname="MyMoneyTest" time="0"/>
  <testcase name="getCashValuesTestTwo{double}[1]" classname="MyMoneyTest" time="0.001"/>
  <testcase name="getCashValuesTestTwo{double}[2]" classname="MyMoneyTest" time="0"/>
  <testcase name="getCashValuesTestTwo{double}[3]" classname="MyMoneyTest" time="0.001"/>
  <testcase name="getCashValuesTestTwo{double}[4]" classname="MyMoneyTest" time="0"/>
  <testcase name="getCashValuesTestTwo{double}[5]" classname="MyMoneyTest" time="0"/>
  <testcase name="getCashValuesTestTwo{double}[6]" classname="MyMoneyTest" time="0"/>
  <testcase name="getCashValuesTestTwo{double}[7]" classname="MyMoneyTest" time="0"/>
  <testcase name="getCashValuesTestTwo{double}[8]" classname="MyMoneyTest" time="0"/>
  <testcase name="getInterestValuesTestOne" classname="MyMoneyTest" time="0.001"/>
  <testcase name="getInterestValuesTestTwo" classname="MyMoneyTest" time="0.001"/>
  <testcase name="myMoneySecondConstructorTestOne" classname="MyMoneyTest" time="0.001"/>
  <testcase name="myMoneySecondConstructorTestTwo" classname="MyMoneyTest" time="0.001"/>
  <testcase name="lumpSum_VariableRateTestOne" classname="MyMoneyTest" time="0"/>
  <testcase name="lumpSum_VariableRateTestTwo" classname="MyMoneyTest" time="0"/>
  <testcase name="myMoneyFirstConstructorTestOne" classname="MyMoneyTest" time="0.001"/>
  <testcase name="myMoneyFirstConstructorTestTwo" classname="MyMoneyTest" time="0.006">
    <failure message="interest arrays are not equal in constructor one ==&gt; actual array was &lt;null&gt;" type="org.opentest4j.AssertionFailedError"><![CDATA[org.opentest4j.AssertionFailedError: interest arrays are not equal in constructor one ==> actual array was <null>
	at MyMoneyTest.myMoneyFirstConstructorTestTwo(MyMoneyTest.java:28)
]]></failure>
  </testcase>
  <testcase name="compoundSavings_sameContributionTestOne" classname="MyMoneyTest" time="0.001"/>
  <testcase name="compoundSavings_sameContributionTestTwo" classname="MyMoneyTest" time="0"/>
  <testcase name="lumpSum_ConstantRateTestOne" classname="MyMoneyTest" time="0"/>
  <testcase name="lumpSum_ConstantRateTestTwo" classname="MyMoneyTest" time="0.001"/>
</testsuite>